<?xml version="1.0" encoding="UTF-8"?>
<!-- Generated by org.testng.reporters.JUnitXMLReporter -->
<testsuite ignored="0" hostname="Nexsoft" failures="0" tests="8" name="Test" time="0.209" errors="0" timestamp="2022-09-12T14:22:02 WIB">
  <testcase classname="ujiankedua.TestGeometri" name="TestLuasPersegi" time="0.019"/>
  <testcase classname="ujiankedua.TestGeometri" name="TestLuasSegitiga" time="0.006"/>
  <testcase classname="ujiankedua.TestGeometri" name="TestLuasTrapesium" time="0.006"/>
  <testcase classname="ujiankedua.TestMatematika" name="testPenjumlahan" time="0.002"/>
  <testcase classname="ujiankedua.TestMatematika" name="testPengurangan" time="0.007"/>
  <testcase classname="ujiankedua.TestMatematika" name="testPembagian" time="0.007"/>
  <testcase classname="ujiankedua.TestMatematika" name="testModulus" time="0.006"/>
  <testcase classname="ujiankedua.TestStringDouble" name="testString" time="0.016"/>
</testsuite> <!-- Test -->
