<?xml version="1.0" encoding="UTF-8"?>
<testng-results ignored="0" total="1" passed="1" failed="0" skipped="0">
  <reporter-output>
  </reporter-output>
  <suite started-at="2022-09-24T17:47:25 WIB" name="Default suite" finished-at="2022-09-24T17:47:43 WIB" duration-ms="18609">
    <groups>
    </groups>
    <test started-at="2022-09-24T17:47:25 WIB" name="Default test" finished-at="2022-09-24T17:47:43 WIB" duration-ms="18609">
      <class name="ujian.ujiankelima.selenium.AddCartTest">
        <test-method is-config="true" signature="pageObject()[pri:0, instance:ujian.ujiankelima.selenium.AddCartTest@7db12bb6]" started-at="2022-09-24T17:47:25 WIB" name="pageObject" finished-at="2022-09-24T17:47:36 WIB" duration-ms="11596" status="PASS">
          <reporter-output>
          </reporter-output>
        </test-method> <!-- pageObject -->
        <test-method signature="testAddCart()[pri:0, instance:ujian.ujiankelima.selenium.AddCartTest@7db12bb6]" started-at="2022-09-24T17:47:36 WIB" name="testAddCart" finished-at="2022-09-24T17:47:42 WIB" duration-ms="5670" status="PASS">
          <reporter-output>
          </reporter-output>
        </test-method> <!-- testAddCart -->
        <test-method is-config="true" signature="closeBrowser()[pri:0, instance:ujian.ujiankelima.selenium.AddCartTest@7db12bb6]" started-at="2022-09-24T17:47:42 WIB" name="closeBrowser" finished-at="2022-09-24T17:47:43 WIB" duration-ms="1305" status="PASS">
          <reporter-output>
          </reporter-output>
        </test-method> <!-- closeBrowser -->
      </class> <!-- ujian.ujiankelima.selenium.AddCartTest -->
    </test> <!-- Default test -->
  </suite> <!-- Default suite -->
</testng-results>
