<?xml version="1.0" encoding="UTF-8"?>
<testng-results ignored="0" total="1" passed="1" failed="0" skipped="0">
  <reporter-output>
  </reporter-output>
  <suite started-at="2022-09-16T23:46:34 WIB" name="Default suite" finished-at="2022-09-16T23:46:53 WIB" duration-ms="18877">
    <groups>
    </groups>
    <test started-at="2022-09-16T23:46:34 WIB" name="Default test" finished-at="2022-09-16T23:46:53 WIB" duration-ms="18877">
      <class name="tugas.selenium.demoqa.Form">
        <test-method is-config="true" signature="pageObject()[pri:0, instance:tugas.selenium.demoqa.Form@130c12b7]" started-at="2022-09-16T23:46:34 WIB" name="pageObject" finished-at="2022-09-16T23:46:42 WIB" duration-ms="8012" status="PASS">
          <reporter-output>
          </reporter-output>
        </test-method> <!-- pageObject -->
        <test-method signature="testValidForm()[pri:0, instance:tugas.selenium.demoqa.Form@130c12b7]" started-at="2022-09-16T23:46:42 WIB" name="testValidForm" finished-at="2022-09-16T23:46:48 WIB" duration-ms="5587" status="PASS">
          <reporter-output>
          </reporter-output>
        </test-method> <!-- testValidForm -->
        <test-method is-config="true" signature="closeBrowser()[pri:0, instance:tugas.selenium.demoqa.Form@130c12b7]" started-at="2022-09-16T23:46:48 WIB" name="closeBrowser" finished-at="2022-09-16T23:46:53 WIB" duration-ms="5248" status="PASS">
          <reporter-output>
          </reporter-output>
        </test-method> <!-- closeBrowser -->
      </class> <!-- tugas.selenium.demoqa.Form -->
    </test> <!-- Default test -->
  </suite> <!-- Default suite -->
</testng-results>
